# JRE version: Java(TM) SE Runtime Environment 18.9 (11.0.17+10) (build 11.0.17+10-LTS-269)
# Java VM: Java HotSpot(TM) 64-Bit Server VM 18.9 (11.0.17+10-LTS-269, mixed mode, tiered, compressed oops, g1 gc, windows-amd64)
Heap:
 garbage-first heap   total 40960K, used 21095K [0x0000000084c00000, 0x0000000100000000)
  region size 1024K, 9 young (9216K), 1 survivors (1024K)
 Metaspace       used 39288K, capacity 40876K, committed 41520K, reserved 1085440K
  class space    used 4793K, capacity 5321K, committed 5504K, reserved 1048576K
GC Heap History (10 events):
Event: 5553.393 GC heap before
{Heap before GC invocations=25 (full 7):
 garbage-first heap   total 40960K, used 30780K [0x0000000084c00000, 0x0000000100000000)
  region size 1024K, 19 young (19456K), 0 survivors (0K)
 Metaspace       used 39185K, capacity 40730K, committed 41264K, reserved 1085440K
  class space    used 4783K, capacity 5277K, committed 5504K, reserved 1048576K
}
Event: 5553.395 GC heap after
{Heap after GC invocations=26 (full 7):
 garbage-first heap   total 40960K, used 13841K [0x0000000084c00000, 0x0000000100000000)
  region size 1024K, 2 young (2048K), 2 survivors (2048K)
 Metaspace       used 39185K, capacity 40730K, committed 41264K, reserved 1085440K
  class space    used 4783K, capacity 5277K, committed 5504K, reserved 1048576K
}
Event: 6130.603 GC heap before
{Heap before GC invocations=26 (full 7):
 garbage-first heap   total 40960K, used 30225K [0x0000000084c00000, 0x0000000100000000)
  region size 1024K, 19 young (19456K), 2 survivors (2048K)
 Metaspace       used 39216K, capacity 40776K, committed 41264K, reserved 1085440K
  class space    used 4788K, capacity 5285K, committed 5504K, reserved 1048576K
}
Event: 6130.623 GC heap after
{Heap after GC invocations=27 (full 7):
 garbage-first heap   total 40960K, used 14302K [0x0000000084c00000, 0x0000000100000000)
  region size 1024K, 2 young (2048K), 2 survivors (2048K)
 Metaspace       used 39216K, capacity 40776K, committed 41264K, reserved 1085440K
  class space    used 4788K, capacity 5285K, committed 5504K, reserved 1048576K
}
Event: 7151.614 GC heap before
{Heap before GC invocations=27 (full 7):
 garbage-first heap   total 40960K, used 31710K [0x0000000084c00000, 0x0000000100000000)
  region size 1024K, 19 young (19456K), 2 survivors (2048K)
 Metaspace       used 39216K, capacity 40776K, committed 41264K, reserved 1085440K
  class space    used 4788K, capacity 5285K, committed 5504K, reserved 1048576K
}
Event: 7151.627 GC heap after
{Heap after GC invocations=28 (full 7):
 garbage-first heap   total 40960K, used 14282K [0x0000000084c00000, 0x0000000100000000)
  region size 1024K, 1 young (1024K), 1 survivors (1024K)
 Metaspace       used 39216K, capacity 40776K, committed 41264K, reserved 1085440K
  class space    used 4788K, capacity 5285K, committed 5504K, reserved 1048576K
}
Event: 8180.102 GC heap before
{Heap before GC invocations=28 (full 7):
 garbage-first heap   total 40960K, used 31690K [0x0000000084c00000, 0x0000000100000000)
  region size 1024K, 18 young (18432K), 1 survivors (1024K)
 Metaspace       used 39216K, capacity 40776K, committed 41264K, reserved 1085440K
  class space    used 4788K, capacity 5285K, committed 5504K, reserved 1048576K
}
Event: 8180.110 GC heap after
{Heap after GC invocations=29 (full 7):
 garbage-first heap   total 40960K, used 14227K [0x0000000084c00000, 0x0000000100000000)
  region size 1024K, 1 young (1024K), 1 survivors (1024K)
 Metaspace       used 39216K, capacity 40776K, committed 41264K, reserved 1085440K
  class space    used 4788K, capacity 5285K, committed 5504K, reserved 1048576K
}
Event: 9207.620 GC heap before
{Heap before GC invocations=29 (full 7):
 garbage-first heap   total 40960K, used 31635K [0x0000000084c00000, 0x0000000100000000)
  region size 1024K, 18 young (18432K), 1 survivors (1024K)
 Metaspace       used 39216K, capacity 40776K, committed 41264K, reserved 1085440K
  class space    used 4788K, capacity 5285K, committed 5504K, reserved 1048576K
}
Event: 9207.708 GC heap after
{Heap after GC invocations=30 (full 7):
 garbage-first heap   total 40960K, used 13927K [0x0000000084c00000, 0x0000000100000000)
  region size 1024K, 1 young (1024K), 1 survivors (1024K)
 Metaspace       used 39216K, capacity 40776K, committed 41264K, reserved 1085440K
  class space    used 4788K, capacity 5285K, committed 5504K, reserved 1048576K
}

